Started GET "/" for ::1 at 2020-08-17 16:07:32 -0700

ActiveRecord::NoDatabaseError - FATAL:  database "Slant_development" does not exist
:

Started POST "/__better_errors/5095a8cd03a33c8b/variables" for ::1 at 2020-08-17 16:07:32 -0700
Started GET "/" for ::1 at 2020-08-17 16:10:43 -0700

ActiveRecord::NoDatabaseError - FATAL:  database "Slant_development" does not exist
:

Started POST "/__better_errors/d56a9e0cd21f13d5/variables" for ::1 at 2020-08-17 16:10:43 -0700
Started GET "/" for ::1 at 2020-08-17 16:11:52 -0700

ActiveRecord::NoDatabaseError - FATAL:  database "Slant_development" does not exist
:

Started POST "/__better_errors/705adab9c230fb43/variables" for ::1 at 2020-08-17 16:11:52 -0700
Started GET "/" for ::1 at 2020-08-17 16:11:53 -0700

ActiveRecord::NoDatabaseError - FATAL:  database "Slant_development" does not exist
:

Started POST "/__better_errors/f0d1b7d4bb61bece/variables" for ::1 at 2020-08-17 16:11:53 -0700
  [1m[35m (497.4ms)[0m  [1m[35mCREATE DATABASE "Slant_development" ENCODING = 'unicode'[0m
  ↳ bin/rails:9
  [1m[35m (547.0ms)[0m  [1m[35mCREATE DATABASE "Slant_test" ENCODING = 'unicode'[0m
  ↳ bin/rails:9
Started GET "/" for ::1 at 2020-08-17 16:12:41 -0700
Processing by StaticPagesController#root as HTML
  Rendering static_pages/root.html.erb within layouts/application
  Rendered static_pages/root.html.erb within layouts/application (0.7ms)
Completed 200 OK in 724ms (Views: 723.0ms | ActiveRecord: 0.0ms)


Started GET "/" for ::1 at 2020-08-17 16:13:38 -0700
Processing by StaticPagesController#root as HTML
  Rendering static_pages/root.html.erb within layouts/application
  Rendered static_pages/root.html.erb within layouts/application (0.2ms)
Completed 200 OK in 9ms (Views: 8.8ms | ActiveRecord: 0.0ms)


Started GET "/" for ::1 at 2020-08-17 16:15:12 -0700
Processing by StaticPagesController#root as HTML
  Rendering static_pages/root.html.erb within layouts/application
  Rendered static_pages/root.html.erb within layouts/application (0.2ms)
Completed 200 OK in 10ms (Views: 10.0ms | ActiveRecord: 0.0ms)


Started GET "/" for ::1 at 2020-08-17 16:16:08 -0700
Processing by StaticPagesController#root as HTML
  Rendering static_pages/root.html.erb within layouts/application
  Rendered static_pages/root.html.erb within layouts/application (0.4ms)
Completed 200 OK in 10ms (Views: 10.0ms | ActiveRecord: 0.0ms)


Started GET "/" for ::1 at 2020-08-17 16:16:10 -0700
Processing by StaticPagesController#root as HTML
  Rendering static_pages/root.html.erb within layouts/application
  Rendered static_pages/root.html.erb within layouts/application (0.2ms)
Completed 200 OK in 10ms (Views: 9.6ms | ActiveRecord: 0.0ms)


Started GET "/" for ::1 at 2020-08-17 16:17:12 -0700
Processing by StaticPagesController#root as HTML
  Rendering static_pages/root.html.erb within layouts/application
  Rendered static_pages/root.html.erb within layouts/application (0.2ms)
Completed 200 OK in 10ms (Views: 9.9ms | ActiveRecord: 0.0ms)


Started GET "/" for ::1 at 2020-08-17 16:19:03 -0700
Processing by StaticPagesController#root as HTML
  Rendering static_pages/root.html.erb within layouts/application
  Rendered static_pages/root.html.erb within layouts/application (0.7ms)
Completed 200 OK in 374ms (Views: 373.5ms | ActiveRecord: 0.0ms)


Started GET "/" for ::1 at 2020-08-17 16:22:09 -0700
Processing by StaticPagesController#root as HTML
  Rendering static_pages/root.html.erb within layouts/application
  Rendered static_pages/root.html.erb within layouts/application (0.3ms)
Completed 200 OK in 10ms (Views: 9.3ms | ActiveRecord: 0.0ms)


Started GET "/" for ::1 at 2020-08-17 16:23:55 -0700
Processing by StaticPagesController#root as HTML
  Rendering static_pages/root.html.erb within layouts/application
  Rendered static_pages/root.html.erb within layouts/application (0.2ms)
Completed 200 OK in 12ms (Views: 11.5ms | ActiveRecord: 0.0ms)


Started GET "/" for ::1 at 2020-08-17 16:24:36 -0700
Processing by StaticPagesController#root as HTML
  Rendering static_pages/root.html.erb within layouts/application
  Rendered static_pages/root.html.erb within layouts/application (0.2ms)
Completed 200 OK in 10ms (Views: 9.6ms | ActiveRecord: 0.0ms)


Started GET "/" for ::1 at 2020-08-17 16:33:31 -0700
Processing by StaticPagesController#root as HTML
  Rendering static_pages/root.html.erb within layouts/application
  Rendered static_pages/root.html.erb within layouts/application (0.3ms)
Completed 200 OK in 13ms (Views: 12.1ms | ActiveRecord: 0.0ms)


Started GET "/" for ::1 at 2020-08-17 16:33:33 -0700
Processing by StaticPagesController#root as HTML
  Rendering static_pages/root.html.erb within layouts/application
  Rendered static_pages/root.html.erb within layouts/application (0.2ms)
Completed 200 OK in 11ms (Views: 10.1ms | ActiveRecord: 0.0ms)


Started GET "/" for ::1 at 2020-08-17 16:33:43 -0700
Processing by StaticPagesController#root as HTML
  Rendering static_pages/root.html.erb within layouts/application
  Rendered static_pages/root.html.erb within layouts/application (0.2ms)
Completed 200 OK in 317ms (Views: 316.3ms | ActiveRecord: 0.0ms)


  [1m[35m (74.5ms)[0m  [1m[35mCREATE TABLE "schema_migrations" ("version" character varying NOT NULL PRIMARY KEY)[0m
  ↳ bin/rails:9
  [1m[35m (77.4ms)[0m  [1m[35mCREATE TABLE "ar_internal_metadata" ("key" character varying NOT NULL PRIMARY KEY, "value" character varying, "created_at" timestamp NOT NULL, "updated_at" timestamp NOT NULL)[0m
  ↳ bin/rails:9
  [1m[35m (0.8ms)[0m  [1m[34mSELECT pg_try_advisory_lock(3770416922217187620)[0m
  ↳ bin/rails:9
  [1m[35m (0.9ms)[0m  [1m[34mSELECT "schema_migrations"."version" FROM "schema_migrations" ORDER BY "schema_migrations"."version" ASC[0m
  ↳ bin/rails:9
Migrating to CreateUsers (20200818004301)
  [1m[35m (0.3ms)[0m  [1m[35mBEGIN[0m
  ↳ bin/rails:9
  [1m[35m (72.0ms)[0m  [1m[35mCREATE TABLE "users" ("id" bigserial primary key, "email" character varying NOT NULL, "full_name" character varying NOT NULL, "display_name" character varying, "title" character varying, "avatar" character varying, "description" character varying, "status" integer NOT NULL, "password_digest" character varying NOT NULL, "session_token" character varying NOT NULL, "created_at" timestamp NOT NULL, "updated_at" timestamp NOT NULL)[0m
  ↳ db/migrate/20200818004301_create_users.rb:3
  [1m[35m (30.9ms)[0m  [1m[35mCREATE UNIQUE INDEX  "index_users_on_email" ON "users"  ("email")[0m
  ↳ db/migrate/20200818004301_create_users.rb:16
  [1m[35m (21.4ms)[0m  [1m[35mCREATE UNIQUE INDEX  "index_users_on_session_token" ON "users"  ("session_token")[0m
  ↳ db/migrate/20200818004301_create_users.rb:17
  [1m[36mActiveRecord::SchemaMigration Create (0.8ms)[0m  [1m[32mINSERT INTO "schema_migrations" ("version") VALUES ($1) RETURNING "version"[0m  [["version", "20200818004301"]]
  ↳ bin/rails:9
  [1m[35m (10.9ms)[0m  [1m[35mCOMMIT[0m
  ↳ bin/rails:9
  [1m[36mActiveRecord::InternalMetadata Load (0.5ms)[0m  [1m[34mSELECT  "ar_internal_metadata".* FROM "ar_internal_metadata" WHERE "ar_internal_metadata"."key" = $1 LIMIT $2[0m  [["key", "environment"], ["LIMIT", 1]]
  ↳ bin/rails:9
  [1m[35m (0.2ms)[0m  [1m[35mBEGIN[0m
  ↳ bin/rails:9
  [1m[36mActiveRecord::InternalMetadata Create (0.4ms)[0m  [1m[32mINSERT INTO "ar_internal_metadata" ("key", "value", "created_at", "updated_at") VALUES ($1, $2, $3, $4) RETURNING "key"[0m  [["key", "environment"], ["value", "development"], ["created_at", "2020-08-18 00:49:12.471232"], ["updated_at", "2020-08-18 00:49:12.471232"]]
  ↳ bin/rails:9
  [1m[35m (9.9ms)[0m  [1m[35mCOMMIT[0m
  ↳ bin/rails:9
  [1m[35m (0.2ms)[0m  [1m[34mSELECT pg_advisory_unlock(3770416922217187620)[0m
  ↳ bin/rails:9
  [1m[35m (0.1ms)[0m  [1m[34mSELECT "schema_migrations"."version" FROM "schema_migrations" ORDER BY "schema_migrations"."version" ASC[0m
  ↳ bin/rails:9
Started GET "/" for ::1 at 2020-08-18 10:52:26 -0700
  [1m[35m (30.9ms)[0m  [1m[34mSELECT "schema_migrations"."version" FROM "schema_migrations" ORDER BY "schema_migrations"."version" ASC[0m
  ↳ /home/charsun/.rbenv/versions/2.5.8/lib/ruby/gems/2.5.0/gems/activerecord-5.2.4.3/lib/active_record/log_subscriber.rb:98
Processing by StaticPagesController#root as HTML
  Rendering static_pages/root.html.erb within layouts/application
  Rendered static_pages/root.html.erb within layouts/application (1.7ms)
Completed 200 OK in 1786ms (Views: 1774.8ms | ActiveRecord: 0.0ms)


Started GET "/" for ::1 at 2020-08-18 11:58:14 -0700
Processing by StaticPagesController#root as HTML
  Rendering static_pages/root.html.erb within layouts/application
  Rendered static_pages/root.html.erb within layouts/application (0.2ms)
Completed 200 OK in 13ms (Views: 12.5ms | ActiveRecord: 0.0ms)


Started GET "/" for ::1 at 2020-08-18 11:58:59 -0700
Processing by StaticPagesController#root as HTML
  Rendering static_pages/root.html.erb within layouts/application
  Rendered static_pages/root.html.erb within layouts/application (0.2ms)
Completed 200 OK in 15ms (Views: 14.3ms | ActiveRecord: 0.0ms)


Started POST "/api/users" for ::1 at 2020-08-18 12:01:34 -0700
Processing by Api::UsersController#create as JSON
  Parameters: {"email"=>"123@gmail.com", "password"=>"[FILTERED]"}
Can't verify CSRF token authenticity.
Completed 422 Unprocessable Entity in 1ms (ActiveRecord: 0.0ms)



ActionController::InvalidAuthenticityToken - ActionController::InvalidAuthenticityToken:

Started GET "/" for ::1 at 2020-08-18 12:02:22 -0700
Processing by StaticPagesController#root as HTML
  Rendering static_pages/root.html.erb within layouts/application
  Rendered static_pages/root.html.erb within layouts/application (0.3ms)
Completed 200 OK in 13ms (Views: 12.3ms | ActiveRecord: 0.0ms)


Started POST "/api/users" for ::1 at 2020-08-18 12:02:29 -0700
Processing by Api::UsersController#create as JSON
  Parameters: {"email"=>"123@gmail.com", "password"=>"[FILTERED]"}
Can't verify CSRF token authenticity.
Completed 422 Unprocessable Entity in 1ms (ActiveRecord: 0.0ms)



ActionController::InvalidAuthenticityToken - ActionController::InvalidAuthenticityToken:

Started GET "/" for ::1 at 2020-08-18 12:04:11 -0700
Processing by StaticPagesController#root as HTML
  Rendering static_pages/root.html.erb within layouts/application
  Rendered static_pages/root.html.erb within layouts/application (0.2ms)
Completed 200 OK in 13ms (Views: 12.4ms | ActiveRecord: 0.0ms)


Started POST "/api/users" for ::1 at 2020-08-18 12:04:19 -0700
Processing by Api::UsersController#create as JSON
  Parameters: {"email"=>"123@gmail.com", "password"=>"[FILTERED]"}
Can't verify CSRF token authenticity.
Completed 422 Unprocessable Entity in 1ms (ActiveRecord: 0.0ms)



ActionController::InvalidAuthenticityToken - ActionController::InvalidAuthenticityToken:

Started POST "/?email=test@email.com&password=[FILTERED]" for ::1 at 2020-08-18 12:07:29 -0700
  
ActionController::RoutingError (No route matches [POST] "/"):
  
actionpack (5.2.4.3) lib/action_dispatch/middleware/debug_exceptions.rb:65:in `call'
web-console (3.7.0) lib/web_console/middleware.rb:135:in `call_app'
web-console (3.7.0) lib/web_console/middleware.rb:30:in `block in call'
web-console (3.7.0) lib/web_console/middleware.rb:20:in `catch'
web-console (3.7.0) lib/web_console/middleware.rb:20:in `call'
actionpack (5.2.4.3) lib/action_dispatch/middleware/show_exceptions.rb:33:in `call'
railties (5.2.4.3) lib/rails/rack/logger.rb:38:in `call_app'
railties (5.2.4.3) lib/rails/rack/logger.rb:26:in `block in call'
activesupport (5.2.4.3) lib/active_support/tagged_logging.rb:71:in `block in tagged'
activesupport (5.2.4.3) lib/active_support/tagged_logging.rb:28:in `tagged'
activesupport (5.2.4.3) lib/active_support/tagged_logging.rb:71:in `tagged'
railties (5.2.4.3) lib/rails/rack/logger.rb:26:in `call'
sprockets-rails (3.2.1) lib/sprockets/rails/quiet_assets.rb:13:in `call'
actionpack (5.2.4.3) lib/action_dispatch/middleware/remote_ip.rb:81:in `call'
actionpack (5.2.4.3) lib/action_dispatch/middleware/request_id.rb:27:in `call'
rack (2.2.3) lib/rack/method_override.rb:24:in `call'
rack (2.2.3) lib/rack/runtime.rb:22:in `call'
activesupport (5.2.4.3) lib/active_support/cache/strategy/local_cache_middleware.rb:29:in `call'
actionpack (5.2.4.3) lib/action_dispatch/middleware/executor.rb:14:in `call'
actionpack (5.2.4.3) lib/action_dispatch/middleware/static.rb:127:in `call'
rack (2.2.3) lib/rack/sendfile.rb:110:in `call'
railties (5.2.4.3) lib/rails/engine.rb:524:in `call'
puma (3.12.6) lib/puma/configuration.rb:227:in `call'
puma (3.12.6) lib/puma/server.rb:706:in `handle_request'
puma (3.12.6) lib/puma/server.rb:476:in `process_client'
puma (3.12.6) lib/puma/server.rb:334:in `block in run'
puma (3.12.6) lib/puma/thread_pool.rb:135:in `block in spawn_thread'
Started POST "/api/users" for ::1 at 2020-08-18 12:07:53 -0700
Processing by Api::UsersController#create as JSON
  Parameters: {"artwork_share"=>{"artwork_id"=>"3", "viewer_id"=>"5"}}
Can't verify CSRF token authenticity.
Completed 422 Unprocessable Entity in 1ms (ActiveRecord: 0.0ms)



ActionController::InvalidAuthenticityToken - ActionController::InvalidAuthenticityToken:

Started POST "/api/users" for ::1 at 2020-08-18 12:11:53 -0700
Processing by Api::UsersController#create as JSON
  Parameters: {"artwork_share"=>{"artwork_id"=>"3", "viewer_id"=>"5"}}
Can't verify CSRF token authenticity.
Completed 400 Bad Request in 3ms (ActiveRecord: 0.0ms)



ActionController::ParameterMissing - param is missing or the value is empty: user:
  app/controllers/api/users_controller.rb:19:in `user_params'
  app/controllers/api/users_controller.rb:5:in `create'

Started POST "/api/users?user[:email]=test@gmail.com&user[:password]=[FILTERED]" for ::1 at 2020-08-18 12:12:36 -0700
Processing by Api::UsersController#create as JSON
  Parameters: {"artwork_share"=>{"artwork_id"=>"3", "viewer_id"=>"5"}, "user"=>{":email"=>"test@gmail.com", ":password"=>"[FILTERED]"}}
Can't verify CSRF token authenticity.
Unpermitted parameters: ::email, ::password
Completed 500 Internal Server Error in 179ms (ActiveRecord: 135.0ms)



NoMethodError - undefined method `new_session_token' for #<User:0x00007f79867e51b0>:
  app/models/user.rb:38:in `ensure_session_token'
  app/controllers/api/users_controller.rb:5:in `create'

Started POST "/api/users?user[:email]=test@gmail.com&user[:password]=[FILTERED]" for ::1 at 2020-08-18 12:15:38 -0700
Processing by Api::UsersController#create as JSON
  Parameters: {"artwork_share"=>{"artwork_id"=>"3", "viewer_id"=>"5"}, "user"=>{":email"=>"test@gmail.com", ":password"=>"[FILTERED]"}}
Can't verify CSRF token authenticity.
Unpermitted parameters: ::email, ::password
Unpermitted parameters: ::email, ::password
  [1m[35m (0.2ms)[0m  [1m[35mBEGIN[0m
  ↳ app/controllers/api/users_controller.rb:9
  [1m[36mUser Exists (16.1ms)[0m  [1m[34mSELECT  1 AS one FROM "users" WHERE "users"."email" IS NULL LIMIT $1[0m  [["LIMIT", 1]]
  ↳ app/controllers/api/users_controller.rb:9
  [1m[35m (0.3ms)[0m  [1m[31mROLLBACK[0m
  ↳ app/controllers/api/users_controller.rb:9
Completed 422 Unprocessable Entity in 153ms (Views: 0.3ms | ActiveRecord: 19.0ms)


Started POST "/api/users" for ::1 at 2020-08-18 12:19:00 -0700
Processing by Api::UsersController#create as JSON
  Parameters: {"user"=>{"email"=>"test@gmail.com", "password"=>"[FILTERED]"}}
Can't verify CSRF token authenticity.
Completed 500 Internal Server Error in 7ms (ActiveRecord: 0.0ms)



NameError - undefined local variable or method `passowrd' for #<User:0x00007f79864f9960>
Did you mean?  password
               @password:
  app/models/user.rb:25:in `password='
  app/controllers/api/users_controller.rb:5:in `create'

Started POST "/api/users" for ::1 at 2020-08-18 12:19:30 -0700
Processing by Api::UsersController#create as JSON
  Parameters: {"user"=>{"email"=>"test@gmail.com", "password"=>"[FILTERED]"}}
Can't verify CSRF token authenticity.
  [1m[35m (0.2ms)[0m  [1m[35mBEGIN[0m
  ↳ app/controllers/api/users_controller.rb:9
  [1m[36mUser Exists (0.4ms)[0m  [1m[34mSELECT  1 AS one FROM "users" WHERE "users"."email" = $1 LIMIT $2[0m  [["email", "test@gmail.com"], ["LIMIT", 1]]
  ↳ app/controllers/api/users_controller.rb:9
  [1m[36mUser Create (41.8ms)[0m  [1m[32mINSERT INTO "users" ("email", "full_name", "status", "password_digest", "session_token", "created_at", "updated_at") VALUES ($1, $2, $3, $4, $5, $6, $7) RETURNING "id"[0m  [["email", "test@gmail.com"], ["full_name", "test@gmail.com"], ["status", 1], ["password_digest", "$2a$12$svplrE43hsLZi8EkTK68TeoCaDhqfotZeMjfa9c5jGWBB24ck.J6i"], ["session_token", "3dn5EGiAePTUrARESin3HQ"], ["created_at", "2020-08-18 19:19:30.549718"], ["updated_at", "2020-08-18 19:19:30.549718"]]
  ↳ app/controllers/api/users_controller.rb:9
  [1m[35m (9.0ms)[0m  [1m[35mCOMMIT[0m
  ↳ app/controllers/api/users_controller.rb:9
  [1m[35m (0.3ms)[0m  [1m[35mBEGIN[0m
  ↳ app/models/user.rb:43
  [1m[36mUser Exists (0.7ms)[0m  [1m[34mSELECT  1 AS one FROM "users" WHERE "users"."email" = $1 AND "users"."id" != $2 LIMIT $3[0m  [["email", "test@gmail.com"], ["id", 1], ["LIMIT", 1]]
  ↳ app/models/user.rb:43
  [1m[36mUser Update (0.8ms)[0m  [1m[33mUPDATE "users" SET "session_token" = $1, "updated_at" = $2 WHERE "users"."id" = $3[0m  [["session_token", "YeRJr8kscEEhSy5QzarFQQ"], ["updated_at", "2020-08-18 19:19:30.606675"], ["id", 1]]
  ↳ app/models/user.rb:43
  [1m[35m (9.3ms)[0m  [1m[35mCOMMIT[0m
  ↳ app/models/user.rb:43
Completed 200 OK in 312ms (Views: 0.5ms | ActiveRecord: 65.5ms)


Started DELETE "/api/session" for ::1 at 2020-08-18 12:22:34 -0700
Processing by Api::SessionsController#destroy as JSON
Can't verify CSRF token authenticity.
Completed 404 Not Found in 0ms (Views: 0.1ms | ActiveRecord: 0.0ms)


Started DELETE "/api/session" for ::1 at 2020-08-18 12:22:41 -0700
Processing by Api::SessionsController#destroy as JSON
  Parameters: {"user"=>{"email"=>"test@gmail.com", "password"=>"[FILTERED]"}}
Can't verify CSRF token authenticity.
Completed 404 Not Found in 0ms (Views: 0.1ms | ActiveRecord: 0.0ms)


Started POST "/api/session" for ::1 at 2020-08-18 12:22:52 -0700
Processing by Api::SessionsController#create as JSON
  Parameters: {"user"=>{"email"=>"test@gmail.com", "password"=>"[FILTERED]"}}
Can't verify CSRF token authenticity.
  [1m[36mUser Load (0.2ms)[0m  [1m[34mSELECT  "users".* FROM "users" WHERE "users"."email" = $1 LIMIT $2[0m  [["email", "test@gmail.com"], ["LIMIT", 1]]
  ↳ app/models/user.rb:11
Completed 500 Internal Server Error in 36ms (ActiveRecord: 0.3ms)



NameError - undefined local variable or method `passowrd' for #<Class:0x00007f7985ddcd58>:
  app/models/user.rb:12:in `find_by_credentials'
  app/controllers/api/sessions_controller.rb:5:in `create'

Started POST "/api/session" for ::1 at 2020-08-18 12:23:18 -0700
Processing by Api::SessionsController#create as JSON
  Parameters: {"user"=>{"email"=>"test@gmail.com", "password"=>"[FILTERED]"}}
Can't verify CSRF token authenticity.
  [1m[36mUser Load (0.2ms)[0m  [1m[34mSELECT  "users".* FROM "users" WHERE "users"."email" = $1 LIMIT $2[0m  [["email", "test@gmail.com"], ["LIMIT", 1]]
  ↳ app/models/user.rb:11
Completed 500 Internal Server Error in 18ms (ActiveRecord: 3.4ms)



NoMethodError - undefined method `is_passowrd?' for "$2a$12$svplrE43hsLZi8EkTK68TeoCaDhqfotZeMjfa9c5jGWBB24ck.J6i":BCrypt::Password
Did you mean?  is_password?:
  app/models/user.rb:20:in `check_password?'
  app/models/user.rb:12:in `find_by_credentials'
  app/controllers/api/sessions_controller.rb:5:in `create'

Started POST "/api/session" for ::1 at 2020-08-18 12:23:32 -0700
Processing by Api::SessionsController#create as JSON
  Parameters: {"user"=>{"email"=>"test@gmail.com", "password"=>"[FILTERED]"}}
Can't verify CSRF token authenticity.
  [1m[36mUser Load (0.4ms)[0m  [1m[34mSELECT  "users".* FROM "users" WHERE "users"."email" = $1 LIMIT $2[0m  [["email", "test@gmail.com"], ["LIMIT", 1]]
  ↳ app/models/user.rb:11
  [1m[35m (0.2ms)[0m  [1m[35mBEGIN[0m
  ↳ app/models/user.rb:43
  [1m[36mUser Exists (0.4ms)[0m  [1m[34mSELECT  1 AS one FROM "users" WHERE "users"."email" = $1 AND "users"."id" != $2 LIMIT $3[0m  [["email", "test@gmail.com"], ["id", 1], ["LIMIT", 1]]
  ↳ app/models/user.rb:43
  [1m[36mUser Update (0.3ms)[0m  [1m[33mUPDATE "users" SET "session_token" = $1, "updated_at" = $2 WHERE "users"."id" = $3[0m  [["session_token", "aZXzuOKuYuwDXUlMoDrcKg"], ["updated_at", "2020-08-18 19:23:32.413807"], ["id", 1]]
  ↳ app/models/user.rb:43
  [1m[35m (5.7ms)[0m  [1m[35mCOMMIT[0m
  ↳ app/models/user.rb:43
Completed 200 OK in 248ms (Views: 0.2ms | ActiveRecord: 10.4ms)


Started DELETE "/api/session" for ::1 at 2020-08-18 12:23:38 -0700
Processing by Api::SessionsController#destroy as JSON
  Parameters: {"user"=>{"email"=>"test@gmail.com", "password"=>"[FILTERED]"}}
Can't verify CSRF token authenticity.
Completed 404 Not Found in 0ms (Views: 0.1ms | ActiveRecord: 0.0ms)


Started DELETE "/api/session" for ::1 at 2020-08-18 12:23:53 -0700
Processing by Api::SessionsController#destroy as JSON
  Parameters: {"user"=>{"email"=>"test@gmail.com", "password"=>"[FILTERED]"}}
Can't verify CSRF token authenticity.
Completed 404 Not Found in 0ms (Views: 0.1ms | ActiveRecord: 0.0ms)


Started POST "/api/session" for ::1 at 2020-08-18 12:23:56 -0700
Processing by Api::SessionsController#create as JSON
  Parameters: {"user"=>{"email"=>"test@gmail.com", "password"=>"[FILTERED]"}}
Can't verify CSRF token authenticity.
  [1m[36mUser Load (0.3ms)[0m  [1m[34mSELECT  "users".* FROM "users" WHERE "users"."email" = $1 LIMIT $2[0m  [["email", "test@gmail.com"], ["LIMIT", 1]]
  ↳ app/models/user.rb:11
  [1m[35m (0.1ms)[0m  [1m[35mBEGIN[0m
  ↳ app/models/user.rb:43
  [1m[36mUser Exists (0.2ms)[0m  [1m[34mSELECT  1 AS one FROM "users" WHERE "users"."email" = $1 AND "users"."id" != $2 LIMIT $3[0m  [["email", "test@gmail.com"], ["id", 1], ["LIMIT", 1]]
  ↳ app/models/user.rb:43
  [1m[36mUser Update (0.2ms)[0m  [1m[33mUPDATE "users" SET "session_token" = $1, "updated_at" = $2 WHERE "users"."id" = $3[0m  [["session_token", "eVZ3omP-ZMc1uHCOIn_4Xg"], ["updated_at", "2020-08-18 19:23:57.152413"], ["id", 1]]
  ↳ app/models/user.rb:43
  [1m[35m (8.2ms)[0m  [1m[35mCOMMIT[0m
  ↳ app/models/user.rb:43
Completed 200 OK in 240ms (Views: 0.2ms | ActiveRecord: 9.0ms)


Started DELETE "/api/session" for ::1 at 2020-08-18 12:24:07 -0700
Processing by Api::SessionsController#destroy as JSON
Can't verify CSRF token authenticity.
Completed 404 Not Found in 0ms (Views: 0.1ms | ActiveRecord: 0.0ms)


Started GET "/" for ::1 at 2020-08-18 14:21:52 -0700
Processing by StaticPagesController#root as HTML
  Rendering static_pages/root.html.erb within layouts/application
  Rendered static_pages/root.html.erb within layouts/application (0.3ms)
Completed 200 OK in 256ms (Views: 255.0ms | ActiveRecord: 0.0ms)


Started POST "/api/users" for ::1 at 2020-08-18 14:22:31 -0700
Processing by Api::UsersController#create as JSON
  Parameters: {"user"=>{"email"=>"doge@gmail.com", "password"=>"[FILTERED]"}}
Can't verify CSRF token authenticity.
  [1m[35m (0.2ms)[0m  [1m[35mBEGIN[0m
  ↳ app/controllers/api/users_controller.rb:9
  [1m[36mUser Exists (0.5ms)[0m  [1m[34mSELECT  1 AS one FROM "users" WHERE "users"."email" = $1 LIMIT $2[0m  [["email", "doge@gmail.com"], ["LIMIT", 1]]
  ↳ app/controllers/api/users_controller.rb:9
  [1m[36mUser Create (0.3ms)[0m  [1m[32mINSERT INTO "users" ("email", "full_name", "status", "password_digest", "session_token", "created_at", "updated_at") VALUES ($1, $2, $3, $4, $5, $6, $7) RETURNING "id"[0m  [["email", "doge@gmail.com"], ["full_name", "doge@gmail.com"], ["status", 1], ["password_digest", "$2a$12$iM4QtZUOqoSerl5qGrUQd.OqCPzrLVE8xwx5izJn6v1HSifhLcILy"], ["session_token", "Zkq-G48JUppsf9vPuTQCuQ"], ["created_at", "2020-08-18 21:22:31.979314"], ["updated_at", "2020-08-18 21:22:31.979314"]]
  ↳ app/controllers/api/users_controller.rb:9
  [1m[35m (10.5ms)[0m  [1m[35mCOMMIT[0m
  ↳ app/controllers/api/users_controller.rb:9
  [1m[35m (0.2ms)[0m  [1m[35mBEGIN[0m
  ↳ app/models/user.rb:43
  [1m[36mUser Exists (0.2ms)[0m  [1m[34mSELECT  1 AS one FROM "users" WHERE "users"."email" = $1 AND "users"."id" != $2 LIMIT $3[0m  [["email", "doge@gmail.com"], ["id", 2], ["LIMIT", 1]]
  ↳ app/models/user.rb:43
  [1m[36mUser Update (0.2ms)[0m  [1m[33mUPDATE "users" SET "session_token" = $1, "updated_at" = $2 WHERE "users"."id" = $3[0m  [["session_token", "CUtZsIZQCbAkAYacRmaAkw"], ["updated_at", "2020-08-18 21:22:31.992811"], ["id", 2]]
  ↳ app/models/user.rb:43
  [1m[35m (5.7ms)[0m  [1m[35mCOMMIT[0m
  ↳ app/models/user.rb:43
Completed 200 OK in 241ms (Views: 0.2ms | ActiveRecord: 17.8ms)


Started DELETE "/api/session" for ::1 at 2020-08-18 14:22:46 -0700
Processing by Api::SessionsController#destroy as JSON
Can't verify CSRF token authenticity.
Completed 404 Not Found in 2ms (Views: 0.4ms | ActiveRecord: 0.0ms)


Started POST "/api/session" for ::1 at 2020-08-18 14:23:19 -0700
Processing by Api::SessionsController#create as JSON
  Parameters: {"user"=>{"email"=>"doge@gmail.com", "password"=>"[FILTERED]"}}
Can't verify CSRF token authenticity.
  [1m[36mUser Load (0.7ms)[0m  [1m[34mSELECT  "users".* FROM "users" WHERE "users"."email" = $1 LIMIT $2[0m  [["email", "doge@gmail.com"], ["LIMIT", 1]]
  ↳ app/models/user.rb:11
  [1m[35m (0.1ms)[0m  [1m[35mBEGIN[0m
  ↳ app/models/user.rb:43
  [1m[36mUser Exists (0.3ms)[0m  [1m[34mSELECT  1 AS one FROM "users" WHERE "users"."email" = $1 AND "users"."id" != $2 LIMIT $3[0m  [["email", "doge@gmail.com"], ["id", 2], ["LIMIT", 1]]
  ↳ app/models/user.rb:43
  [1m[36mUser Update (0.3ms)[0m  [1m[33mUPDATE "users" SET "session_token" = $1, "updated_at" = $2 WHERE "users"."id" = $3[0m  [["session_token", "gmMSqhSlcf-aNHiF6NmeOw"], ["updated_at", "2020-08-18 21:23:19.778004"], ["id", 2]]
  ↳ app/models/user.rb:43
  [1m[35m (10.7ms)[0m  [1m[35mCOMMIT[0m
  ↳ app/models/user.rb:43
Completed 200 OK in 246ms (Views: 0.1ms | ActiveRecord: 12.6ms)


Started DELETE "/api/session" for ::1 at 2020-08-18 14:23:26 -0700
Processing by Api::SessionsController#destroy as JSON
Can't verify CSRF token authenticity.
Completed 404 Not Found in 0ms (Views: 0.1ms | ActiveRecord: 0.0ms)


Started GET "/" for ::1 at 2020-08-18 15:44:28 -0700
Processing by StaticPagesController#root as HTML
  Rendering static_pages/root.html.erb within layouts/application
  Rendered static_pages/root.html.erb within layouts/application (0.4ms)
Completed 200 OK in 260ms (Views: 259.7ms | ActiveRecord: 0.0ms)


Started GET "/" for ::1 at 2020-08-18 15:46:31 -0700
Processing by StaticPagesController#root as HTML
  Rendering static_pages/root.html.erb within layouts/application
  Rendered static_pages/root.html.erb within layouts/application (0.3ms)
Completed 200 OK in 243ms (Views: 242.3ms | ActiveRecord: 0.0ms)


Started GET "/" for ::1 at 2020-08-18 15:47:06 -0700
Processing by StaticPagesController#root as HTML
  Rendering static_pages/root.html.erb within layouts/application
  Rendered static_pages/root.html.erb within layouts/application (0.3ms)
Completed 200 OK in 257ms (Views: 256.4ms | ActiveRecord: 0.0ms)


Started GET "/" for ::1 at 2020-08-18 15:47:35 -0700
Processing by StaticPagesController#root as HTML
  Rendering static_pages/root.html.erb within layouts/application
  Rendered static_pages/root.html.erb within layouts/application (0.2ms)
Completed 200 OK in 254ms (Views: 253.7ms | ActiveRecord: 0.0ms)


Started GET "/" for ::1 at 2020-08-18 15:49:02 -0700
Processing by StaticPagesController#root as HTML
  Rendering static_pages/root.html.erb within layouts/application
  Rendered static_pages/root.html.erb within layouts/application (0.3ms)
Completed 200 OK in 281ms (Views: 280.3ms | ActiveRecord: 0.0ms)


Started GET "/" for ::1 at 2020-08-18 15:49:16 -0700
Processing by StaticPagesController#root as HTML
  Rendering static_pages/root.html.erb within layouts/application
  Rendered static_pages/root.html.erb within layouts/application (0.3ms)
Completed 200 OK in 287ms (Views: 286.2ms | ActiveRecord: 0.0ms)


Started GET "/" for ::1 at 2020-08-18 15:49:44 -0700
Processing by StaticPagesController#root as HTML
  Rendering static_pages/root.html.erb within layouts/application
  Rendered static_pages/root.html.erb within layouts/application (0.2ms)
Completed 200 OK in 246ms (Views: 245.7ms | ActiveRecord: 0.0ms)


Started GET "/" for ::1 at 2020-08-18 15:52:22 -0700
Processing by StaticPagesController#root as HTML
  Rendering static_pages/root.html.erb within layouts/application
  Rendered static_pages/root.html.erb within layouts/application (0.2ms)
Completed 200 OK in 247ms (Views: 246.2ms | ActiveRecord: 0.0ms)


Started GET "/" for ::1 at 2020-08-18 15:55:00 -0700
Processing by StaticPagesController#root as HTML
  Rendering static_pages/root.html.erb within layouts/application
  Rendered static_pages/root.html.erb within layouts/application (0.3ms)
Completed 200 OK in 252ms (Views: 251.8ms | ActiveRecord: 0.0ms)


Started GET "/" for ::1 at 2020-08-18 15:56:57 -0700
Processing by StaticPagesController#root as HTML
  Rendering static_pages/root.html.erb within layouts/application
  Rendered static_pages/root.html.erb within layouts/application (0.3ms)
Completed 200 OK in 243ms (Views: 242.6ms | ActiveRecord: 0.0ms)


Started GET "/" for ::1 at 2020-08-18 15:57:57 -0700
Processing by StaticPagesController#root as HTML
  Rendering static_pages/root.html.erb within layouts/application
  Rendered static_pages/root.html.erb within layouts/application (0.3ms)
Completed 200 OK in 256ms (Views: 255.7ms | ActiveRecord: 0.0ms)


Started GET "/" for ::1 at 2020-08-18 15:58:19 -0700
Processing by StaticPagesController#root as HTML
  Rendering static_pages/root.html.erb within layouts/application
  Rendered static_pages/root.html.erb within layouts/application (0.4ms)
Completed 200 OK in 289ms (Views: 288.8ms | ActiveRecord: 0.0ms)


Started GET "/" for ::1 at 2020-08-18 15:59:34 -0700
Processing by StaticPagesController#root as HTML
  Rendering static_pages/root.html.erb within layouts/application
  Rendered static_pages/root.html.erb within layouts/application (0.3ms)
Completed 200 OK in 242ms (Views: 241.9ms | ActiveRecord: 0.0ms)


Started GET "/" for ::1 at 2020-08-18 16:06:03 -0700
  [1m[35m (0.4ms)[0m  [1m[34mSELECT "schema_migrations"."version" FROM "schema_migrations" ORDER BY "schema_migrations"."version" ASC[0m
  ↳ /home/charsun/.rbenv/versions/2.5.8/lib/ruby/gems/2.5.0/gems/activerecord-5.2.4.3/lib/active_record/log_subscriber.rb:98
Processing by StaticPagesController#root as HTML
  Rendering static_pages/root.html.erb within layouts/application
  Rendered static_pages/root.html.erb within layouts/application (0.5ms)
Completed 200 OK in 811ms (Views: 810.9ms | ActiveRecord: 0.0ms)


Started GET "/" for ::1 at 2020-08-18 16:54:29 -0700
Processing by StaticPagesController#root as HTML
  Rendering static_pages/root.html.erb within layouts/application
  Rendered static_pages/root.html.erb within layouts/application (0.3ms)
Completed 200 OK in 102ms (Views: 101.7ms | ActiveRecord: 0.0ms)


Started GET "/" for ::1 at 2020-08-18 17:04:41 -0700
Processing by StaticPagesController#root as HTML
  Rendering static_pages/root.html.erb within layouts/application
  Rendered static_pages/root.html.erb within layouts/application (0.3ms)
Completed 200 OK in 13ms (Views: 12.7ms | ActiveRecord: 0.0ms)


Started GET "/" for ::1 at 2020-08-18 22:08:23 -0700
Processing by StaticPagesController#root as HTML
  Rendering static_pages/root.html.erb within layouts/application
  Rendered static_pages/root.html.erb within layouts/application (0.3ms)
Completed 200 OK in 281ms (Views: 280.2ms | ActiveRecord: 0.0ms)


Started GET "/" for ::1 at 2020-08-18 22:08:27 -0700
Processing by StaticPagesController#root as HTML
  Rendering static_pages/root.html.erb within layouts/application
  Rendered static_pages/root.html.erb within layouts/application (0.2ms)
Completed 200 OK in 12ms (Views: 11.9ms | ActiveRecord: 0.0ms)


Started GET "/" for ::1 at 2020-08-18 22:09:22 -0700
Processing by StaticPagesController#root as HTML
  Rendering static_pages/root.html.erb within layouts/application
  Rendered static_pages/root.html.erb within layouts/application (0.3ms)
Completed 200 OK in 278ms (Views: 277.2ms | ActiveRecord: 0.0ms)


Started GET "/" for ::1 at 2020-08-18 22:09:50 -0700
Processing by StaticPagesController#root as HTML
  Rendering static_pages/root.html.erb within layouts/application
  Rendered static_pages/root.html.erb within layouts/application (0.2ms)
Completed 200 OK in 323ms (Views: 322.1ms | ActiveRecord: 0.0ms)


Started GET "/" for ::1 at 2020-08-18 22:11:52 -0700
Processing by StaticPagesController#root as HTML
  Rendering static_pages/root.html.erb within layouts/application
  Rendered static_pages/root.html.erb within layouts/application (0.2ms)
Completed 200 OK in 275ms (Views: 274.4ms | ActiveRecord: 0.0ms)


Started POST "/api/session" for ::1 at 2020-08-18 22:12:01 -0700
Processing by Api::SessionsController#create as JSON
  Parameters: {"user"=>{"email"=>"test@gmail.com", "password"=>"[FILTERED]"}}
Can't verify CSRF token authenticity.
  [1m[36mUser Load (0.6ms)[0m  [1m[34mSELECT  "users".* FROM "users" WHERE "users"."email" = $1 LIMIT $2[0m  [["email", "test@gmail.com"], ["LIMIT", 1]]
  ↳ app/models/user.rb:11
  [1m[35m (0.2ms)[0m  [1m[35mBEGIN[0m
  ↳ app/models/user.rb:43
  [1m[36mUser Exists (0.3ms)[0m  [1m[34mSELECT  1 AS one FROM "users" WHERE "users"."email" = $1 AND "users"."id" != $2 LIMIT $3[0m  [["email", "test@gmail.com"], ["id", 1], ["LIMIT", 1]]
  ↳ app/models/user.rb:43
  [1m[36mUser Update (0.2ms)[0m  [1m[33mUPDATE "users" SET "session_token" = $1, "updated_at" = $2 WHERE "users"."id" = $3[0m  [["session_token", "gzsTcOhrh2Ur81sOyVHrVw"], ["updated_at", "2020-08-19 05:12:01.823029"], ["id", 1]]
  ↳ app/models/user.rb:43
  [1m[35m (9.6ms)[0m  [1m[35mCOMMIT[0m
  ↳ app/models/user.rb:43
Completed 200 OK in 250ms (Views: 0.2ms | ActiveRecord: 15.9ms)


Started GET "/" for ::1 at 2020-08-18 22:22:07 -0700
Processing by StaticPagesController#root as HTML
  Rendering static_pages/root.html.erb within layouts/application
  Rendered static_pages/root.html.erb within layouts/application (0.4ms)
Completed 200 OK in 319ms (Views: 318.5ms | ActiveRecord: 0.0ms)


Started POST "/api/session" for ::1 at 2020-08-18 22:22:17 -0700
Processing by Api::SessionsController#create as JSON
  Parameters: {"user"=>{"email"=>"test@gmail.com", "password"=>"[FILTERED]"}}
Can't verify CSRF token authenticity.
  [1m[36mUser Load (1.1ms)[0m  [1m[34mSELECT  "users".* FROM "users" WHERE "users"."email" = $1 LIMIT $2[0m  [["email", "test@gmail.com"], ["LIMIT", 1]]
  ↳ app/models/user.rb:11
  [1m[35m (0.2ms)[0m  [1m[35mBEGIN[0m
  ↳ app/models/user.rb:43
  [1m[36mUser Exists (0.3ms)[0m  [1m[34mSELECT  1 AS one FROM "users" WHERE "users"."email" = $1 AND "users"."id" != $2 LIMIT $3[0m  [["email", "test@gmail.com"], ["id", 1], ["LIMIT", 1]]
  ↳ app/models/user.rb:43
  [1m[36mUser Update (0.3ms)[0m  [1m[33mUPDATE "users" SET "session_token" = $1, "updated_at" = $2 WHERE "users"."id" = $3[0m  [["session_token", "r1HsPz0ThTCJXahH6Dar_g"], ["updated_at", "2020-08-19 05:22:17.500522"], ["id", 1]]
  ↳ app/models/user.rb:43
  [1m[35m (13.4ms)[0m  [1m[35mCOMMIT[0m
  ↳ app/models/user.rb:43
Completed 200 OK in 245ms (Views: 0.2ms | ActiveRecord: 15.9ms)


Started GET "/" for ::1 at 2020-08-18 22:24:28 -0700
Processing by StaticPagesController#root as HTML
  Rendering static_pages/root.html.erb within layouts/application
  Rendered static_pages/root.html.erb within layouts/application (0.3ms)
Completed 200 OK in 13ms (Views: 12.1ms | ActiveRecord: 0.0ms)


Started POST "/api/session" for ::1 at 2020-08-18 22:24:33 -0700
Processing by Api::SessionsController#create as JSON
  Parameters: {"user"=>{"email"=>"test@gmail.com", "password"=>"[FILTERED]"}}
Can't verify CSRF token authenticity.
  [1m[36mUser Load (0.3ms)[0m  [1m[34mSELECT  "users".* FROM "users" WHERE "users"."email" = $1 LIMIT $2[0m  [["email", "test@gmail.com"], ["LIMIT", 1]]
  ↳ app/models/user.rb:11
  [1m[35m (0.1ms)[0m  [1m[35mBEGIN[0m
  ↳ app/models/user.rb:43
  [1m[36mUser Exists (0.4ms)[0m  [1m[34mSELECT  1 AS one FROM "users" WHERE "users"."email" = $1 AND "users"."id" != $2 LIMIT $3[0m  [["email", "test@gmail.com"], ["id", 1], ["LIMIT", 1]]
  ↳ app/models/user.rb:43
  [1m[36mUser Update (0.2ms)[0m  [1m[33mUPDATE "users" SET "session_token" = $1, "updated_at" = $2 WHERE "users"."id" = $3[0m  [["session_token", "bkx4ZMkrJxjy_5DMNWqR8w"], ["updated_at", "2020-08-19 05:24:33.775267"], ["id", 1]]
  ↳ app/models/user.rb:43
  [1m[35m (10.0ms)[0m  [1m[35mCOMMIT[0m
  ↳ app/models/user.rb:43
Completed 500 Internal Server Error in 248ms (ActiveRecord: 17.3ms)



ActionView::MissingTemplate - Missing template api/users/show with {:locale=>[:en], :formats=>[:json], :variants=>[], :handlers=>[:raw, :erb, :html, :builder, :ruby, :coffee, :jbuilder]}. Searched in:
  * "/home/charsun/Slant/app/views"
:
  app/controllers/api/sessions_controller.rb:8:in `create'

Started GET "/" for ::1 at 2020-08-18 22:29:33 -0700
Processing by StaticPagesController#root as HTML
  Rendering static_pages/root.html.erb within layouts/application
  Rendered static_pages/root.html.erb within layouts/application (0.2ms)
Completed 200 OK in 324ms (Views: 323.2ms | ActiveRecord: 0.0ms)


Started POST "/api/session" for ::1 at 2020-08-18 22:29:38 -0700
Processing by Api::SessionsController#create as JSON
  Parameters: {"user"=>{"email"=>"test@gmail.com", "password"=>"[FILTERED]"}}
Can't verify CSRF token authenticity.
  [1m[36mUser Load (0.7ms)[0m  [1m[34mSELECT  "users".* FROM "users" WHERE "users"."email" = $1 LIMIT $2[0m  [["email", "test@gmail.com"], ["LIMIT", 1]]
  ↳ app/models/user.rb:11
  [1m[35m (0.1ms)[0m  [1m[35mBEGIN[0m
  ↳ app/models/user.rb:43
  [1m[36mUser Exists (0.2ms)[0m  [1m[34mSELECT  1 AS one FROM "users" WHERE "users"."email" = $1 AND "users"."id" != $2 LIMIT $3[0m  [["email", "test@gmail.com"], ["id", 1], ["LIMIT", 1]]
  ↳ app/models/user.rb:43
  [1m[36mUser Update (0.2ms)[0m  [1m[33mUPDATE "users" SET "session_token" = $1, "updated_at" = $2 WHERE "users"."id" = $3[0m  [["session_token", "jdumfcLrFjt_8PLxAszySg"], ["updated_at", "2020-08-19 05:29:39.149615"], ["id", 1]]
  ↳ app/models/user.rb:43
  [1m[35m (10.2ms)[0m  [1m[35mCOMMIT[0m
  ↳ app/models/user.rb:43
Completed 500 Internal Server Error in 233ms (ActiveRecord: 11.4ms)



ActionView::MissingTemplate - Missing template api/users/show with {:locale=>[:en], :formats=>[:json], :variants=>[], :handlers=>[:raw, :erb, :html, :builder, :ruby, :coffee, :jbuilder]}. Searched in:
  * "/home/charsun/Slant/app/views"
:
  app/controllers/api/sessions_controller.rb:8:in `create'

Started GET "/" for ::1 at 2020-08-18 22:30:10 -0700
Processing by StaticPagesController#root as HTML
  Rendering static_pages/root.html.erb within layouts/application
  Rendered static_pages/root.html.erb within layouts/application (0.2ms)
Completed 200 OK in 272ms (Views: 271.3ms | ActiveRecord: 0.0ms)


Started GET "/" for ::1 at 2020-08-18 22:31:00 -0700
Processing by StaticPagesController#root as HTML
  Rendering static_pages/root.html.erb within layouts/application
  Rendered static_pages/root.html.erb within layouts/application (0.3ms)
Completed 200 OK in 275ms (Views: 274.2ms | ActiveRecord: 0.0ms)


Started POST "/api/users" for ::1 at 2020-08-18 22:31:04 -0700
Processing by Api::UsersController#create as JSON
  Parameters: {"user"=>{"email"=>"test@gmail.com", "password"=>"[FILTERED]"}}
Can't verify CSRF token authenticity.
  [1m[35m (0.2ms)[0m  [1m[35mBEGIN[0m
  ↳ app/controllers/api/users_controller.rb:9
  [1m[36mUser Exists (0.3ms)[0m  [1m[34mSELECT  1 AS one FROM "users" WHERE "users"."email" = $1 LIMIT $2[0m  [["email", "test@gmail.com"], ["LIMIT", 1]]
  ↳ app/controllers/api/users_controller.rb:9
  [1m[35m (0.1ms)[0m  [1m[31mROLLBACK[0m
  ↳ app/controllers/api/users_controller.rb:9
Completed 422 Unprocessable Entity in 215ms (Views: 0.3ms | ActiveRecord: 0.6ms)


Started GET "/" for ::1 at 2020-08-18 22:31:59 -0700
Processing by StaticPagesController#root as HTML
  Rendering static_pages/root.html.erb within layouts/application
  Rendered static_pages/root.html.erb within layouts/application (0.2ms)
Completed 200 OK in 12ms (Views: 11.4ms | ActiveRecord: 0.0ms)


Started POST "/api/users" for ::1 at 2020-08-18 22:32:08 -0700
Processing by Api::UsersController#create as JSON
  Parameters: {"user"=>{"email"=>"test@gmail.com", "password"=>"[FILTERED]"}}
Can't verify CSRF token authenticity.
  [1m[35m (0.2ms)[0m  [1m[35mBEGIN[0m
  ↳ app/controllers/api/users_controller.rb:9
  [1m[36mUser Exists (0.3ms)[0m  [1m[34mSELECT  1 AS one FROM "users" WHERE "users"."email" = $1 LIMIT $2[0m  [["email", "test@gmail.com"], ["LIMIT", 1]]
  ↳ app/controllers/api/users_controller.rb:9
  [1m[35m (0.2ms)[0m  [1m[31mROLLBACK[0m
  ↳ app/controllers/api/users_controller.rb:9
Completed 200 OK in 237ms (Views: 0.3ms | ActiveRecord: 7.6ms)


Started GET "/" for ::1 at 2020-08-18 22:36:46 -0700
Processing by StaticPagesController#root as HTML
  Rendering static_pages/root.html.erb within layouts/application
  Rendered static_pages/root.html.erb within layouts/application (0.2ms)
Completed 200 OK in 13ms (Views: 12.8ms | ActiveRecord: 0.0ms)


Started GET "/" for ::1 at 2020-08-18 22:36:54 -0700
Processing by StaticPagesController#root as HTML
  Rendering static_pages/root.html.erb within layouts/application
  Rendered static_pages/root.html.erb within layouts/application (0.2ms)
Completed 200 OK in 19ms (Views: 18.4ms | ActiveRecord: 0.0ms)


Started POST "/api/users" for ::1 at 2020-08-18 22:36:59 -0700
Processing by Api::UsersController#create as JSON
  Parameters: {"user"=>{"email"=>"test@gmail.com", "password"=>"[FILTERED]"}}
Can't verify CSRF token authenticity.
  [1m[35m (0.2ms)[0m  [1m[35mBEGIN[0m
  ↳ app/controllers/api/users_controller.rb:9
  [1m[36mUser Exists (0.3ms)[0m  [1m[34mSELECT  1 AS one FROM "users" WHERE "users"."email" = $1 LIMIT $2[0m  [["email", "test@gmail.com"], ["LIMIT", 1]]
  ↳ app/controllers/api/users_controller.rb:9
  [1m[35m (0.1ms)[0m  [1m[31mROLLBACK[0m
  ↳ app/controllers/api/users_controller.rb:9
Completed 422 Unprocessable Entity in 234ms (Views: 0.2ms | ActiveRecord: 4.4ms)


Started POST "/api/session" for ::1 at 2020-08-18 22:37:10 -0700
Processing by Api::SessionsController#create as JSON
  Parameters: {"user"=>{"email"=>"test@gmail.com", "password"=>"[FILTERED]"}}
Can't verify CSRF token authenticity.
  [1m[36mUser Load (0.5ms)[0m  [1m[34mSELECT  "users".* FROM "users" WHERE "users"."email" = $1 LIMIT $2[0m  [["email", "test@gmail.com"], ["LIMIT", 1]]
  ↳ app/models/user.rb:11
  [1m[35m (0.2ms)[0m  [1m[35mBEGIN[0m
  ↳ app/models/user.rb:43
  [1m[36mUser Exists (0.3ms)[0m  [1m[34mSELECT  1 AS one FROM "users" WHERE "users"."email" = $1 AND "users"."id" != $2 LIMIT $3[0m  [["email", "test@gmail.com"], ["id", 1], ["LIMIT", 1]]
  ↳ app/models/user.rb:43
  [1m[36mUser Update (0.2ms)[0m  [1m[33mUPDATE "users" SET "session_token" = $1, "updated_at" = $2 WHERE "users"."id" = $3[0m  [["session_token", "roIi98lEUFRPBiG_ChQaWw"], ["updated_at", "2020-08-19 05:37:10.397564"], ["id", 1]]
  ↳ app/models/user.rb:43
  [1m[35m (7.9ms)[0m  [1m[35mCOMMIT[0m
  ↳ app/models/user.rb:43
Completed 500 Internal Server Error in 227ms (ActiveRecord: 9.1ms)



ActionView::MissingTemplate - Missing template api/users/show with {:locale=>[:en], :formats=>[:json], :variants=>[], :handlers=>[:raw, :erb, :html, :builder, :ruby, :coffee, :jbuilder]}. Searched in:
  * "/home/charsun/Slant/app/views"
:
  app/controllers/api/sessions_controller.rb:8:in `create'

Started GET "/" for ::1 at 2020-08-18 22:40:07 -0700
Processing by StaticPagesController#root as HTML
  Rendering static_pages/root.html.erb within layouts/application
  Rendered static_pages/root.html.erb within layouts/application (0.2ms)
Completed 200 OK in 17ms (Views: 16.3ms | ActiveRecord: 0.0ms)


Started POST "/api/session" for ::1 at 2020-08-18 22:40:16 -0700
Processing by Api::SessionsController#create as JSON
  Parameters: {"user"=>{"email"=>"test@gmail.com", "password"=>"[FILTERED]"}}
Can't verify CSRF token authenticity.
Completed 500 Internal Server Error in 11ms (ActiveRecord: 0.0ms)



NoMethodError - undefined method `[]' for nil:NilClass:
  app/controllers/api/sessions_controller.rb:5:in `create'

Started GET "/" for ::1 at 2020-08-18 22:42:34 -0700
Processing by StaticPagesController#root as HTML
  Rendering static_pages/root.html.erb within layouts/application
  Rendered static_pages/root.html.erb within layouts/application (0.2ms)
Completed 200 OK in 16ms (Views: 15.0ms | ActiveRecord: 0.0ms)


Started POST "/api/session" for ::1 at 2020-08-18 22:42:39 -0700
Processing by Api::SessionsController#create as JSON
  Parameters: {"user"=>{"email"=>"test@gmail.com", "password"=>"[FILTERED]"}}
Can't verify CSRF token authenticity.
  [1m[36mUser Load (0.5ms)[0m  [1m[34mSELECT  "users".* FROM "users" WHERE "users"."email" = $1 LIMIT $2[0m  [["email", "test@gmail.com"], ["LIMIT", 1]]
  ↳ app/models/user.rb:11
  [1m[35m (0.2ms)[0m  [1m[35mBEGIN[0m
  ↳ app/models/user.rb:43
  [1m[36mUser Exists (0.3ms)[0m  [1m[34mSELECT  1 AS one FROM "users" WHERE "users"."email" = $1 AND "users"."id" != $2 LIMIT $3[0m  [["email", "test@gmail.com"], ["id", 1], ["LIMIT", 1]]
  ↳ app/models/user.rb:43
  [1m[36mUser Update (0.2ms)[0m  [1m[33mUPDATE "users" SET "session_token" = $1, "updated_at" = $2 WHERE "users"."id" = $3[0m  [["session_token", "KhR0XZAjfo63ZnW-FCq_AQ"], ["updated_at", "2020-08-19 05:42:39.936964"], ["id", 1]]
  ↳ app/models/user.rb:43
  [1m[35m (8.9ms)[0m  [1m[35mCOMMIT[0m
  ↳ app/models/user.rb:43
Completed 500 Internal Server Error in 256ms (ActiveRecord: 17.2ms)



ActionView::MissingTemplate - Missing template api/users/show with {:locale=>[:en], :formats=>[:json], :variants=>[], :handlers=>[:raw, :erb, :html, :builder, :ruby, :coffee, :jbuilder]}. Searched in:
  * "/home/charsun/Slant/app/views"
:
  app/controllers/api/sessions_controller.rb:8:in `create'

Started POST "/api/users" for ::1 at 2020-08-18 22:42:48 -0700
Processing by Api::UsersController#create as JSON
  Parameters: {"user"=>{"email"=>"test@gmail.com", "password"=>"[FILTERED]"}}
Can't verify CSRF token authenticity.
  [1m[35m (0.2ms)[0m  [1m[35mBEGIN[0m
  ↳ app/controllers/api/users_controller.rb:9
  [1m[36mUser Exists (0.3ms)[0m  [1m[34mSELECT  1 AS one FROM "users" WHERE "users"."email" = $1 LIMIT $2[0m  [["email", "test@gmail.com"], ["LIMIT", 1]]
  ↳ app/controllers/api/users_controller.rb:9
  [1m[35m (0.1ms)[0m  [1m[31mROLLBACK[0m
  ↳ app/controllers/api/users_controller.rb:9
Completed 200 OK in 224ms (Views: 0.3ms | ActiveRecord: 0.6ms)


Started GET "/" for ::1 at 2020-08-18 22:52:19 -0700
Processing by StaticPagesController#root as HTML
  Rendering static_pages/root.html.erb within layouts/application
  Rendered static_pages/root.html.erb within layouts/application (0.2ms)
Completed 200 OK in 14ms (Views: 13.4ms | ActiveRecord: 0.0ms)


Started POST "/api/users" for ::1 at 2020-08-18 22:52:26 -0700
Processing by Api::UsersController#create as JSON
  Parameters: {"user"=>{"email"=>"test@gmail.com", "password"=>"[FILTERED]"}}
Can't verify CSRF token authenticity.
  [1m[35m (0.2ms)[0m  [1m[35mBEGIN[0m
  ↳ app/controllers/api/users_controller.rb:9
  [1m[36mUser Exists (0.5ms)[0m  [1m[34mSELECT  1 AS one FROM "users" WHERE "users"."email" = $1 LIMIT $2[0m  [["email", "test@gmail.com"], ["LIMIT", 1]]
  ↳ app/controllers/api/users_controller.rb:9
  [1m[35m (0.1ms)[0m  [1m[31mROLLBACK[0m
  ↳ app/controllers/api/users_controller.rb:9
Completed 422 Unprocessable Entity in 236ms (Views: 0.2ms | ActiveRecord: 6.6ms)


Started POST "/api/session" for ::1 at 2020-08-18 22:52:36 -0700
Processing by Api::SessionsController#create as JSON
  Parameters: {"user"=>{"email"=>"test@gmail.com", "password"=>"[FILTERED]"}}
Can't verify CSRF token authenticity.
  [1m[36mUser Load (0.6ms)[0m  [1m[34mSELECT  "users".* FROM "users" WHERE "users"."email" = $1 LIMIT $2[0m  [["email", "test@gmail.com"], ["LIMIT", 1]]
  ↳ app/models/user.rb:11
  [1m[35m (0.2ms)[0m  [1m[35mBEGIN[0m
  ↳ app/models/user.rb:43
  [1m[36mUser Exists (0.3ms)[0m  [1m[34mSELECT  1 AS one FROM "users" WHERE "users"."email" = $1 AND "users"."id" != $2 LIMIT $3[0m  [["email", "test@gmail.com"], ["id", 1], ["LIMIT", 1]]
  ↳ app/models/user.rb:43
  [1m[36mUser Update (0.3ms)[0m  [1m[33mUPDATE "users" SET "session_token" = $1, "updated_at" = $2 WHERE "users"."id" = $3[0m  [["session_token", "mrnwv1COVdEvBafkmiQGSg"], ["updated_at", "2020-08-19 05:52:36.556324"], ["id", 1]]
  ↳ app/models/user.rb:43
  [1m[35m (221.7ms)[0m  [1m[35mCOMMIT[0m
  ↳ app/models/user.rb:43
  Rendering api/users/show.json.jbuilder
  Rendered api/users/_user.json.jbuilder (0.2ms)
  Rendered api/users/show.json.jbuilder (1.5ms)
Completed 200 OK in 452ms (Views: 5.6ms | ActiveRecord: 223.4ms)


Started GET "/" for ::1 at 2020-08-18 22:52:50 -0700
Processing by StaticPagesController#root as HTML
  Rendering static_pages/root.html.erb within layouts/application
  Rendered static_pages/root.html.erb within layouts/application (0.3ms)
Completed 200 OK in 14ms (Views: 13.8ms | ActiveRecord: 0.0ms)


Started POST "/api/users" for ::1 at 2020-08-18 22:54:06 -0700
Processing by Api::UsersController#create as JSON
  Parameters: {"user"=>{"email"=>"bunbun", "password"=>"[FILTERED]"}}
Can't verify CSRF token authenticity.
  [1m[35m (0.2ms)[0m  [1m[35mBEGIN[0m
  ↳ app/controllers/api/users_controller.rb:9
  [1m[36mUser Exists (0.3ms)[0m  [1m[34mSELECT  1 AS one FROM "users" WHERE "users"."email" = $1 LIMIT $2[0m  [["email", "bunbun"], ["LIMIT", 1]]
  ↳ app/controllers/api/users_controller.rb:9
  [1m[35m (0.1ms)[0m  [1m[31mROLLBACK[0m
  ↳ app/controllers/api/users_controller.rb:9
Completed 422 Unprocessable Entity in 216ms (Views: 0.1ms | ActiveRecord: 0.6ms)


Started POST "/api/users" for ::1 at 2020-08-18 22:54:24 -0700
Processing by Api::UsersController#create as JSON
  Parameters: {"user"=>{"email"=>"bunbun@gmail.com", "password"=>"[FILTERED]"}}
Can't verify CSRF token authenticity.
  [1m[35m (0.2ms)[0m  [1m[35mBEGIN[0m
  ↳ app/controllers/api/users_controller.rb:9
  [1m[36mUser Exists (0.2ms)[0m  [1m[34mSELECT  1 AS one FROM "users" WHERE "users"."email" = $1 LIMIT $2[0m  [["email", "bunbun@gmail.com"], ["LIMIT", 1]]
  ↳ app/controllers/api/users_controller.rb:9
  [1m[36mUser Create (0.3ms)[0m  [1m[32mINSERT INTO "users" ("email", "full_name", "status", "password_digest", "session_token", "created_at", "updated_at") VALUES ($1, $2, $3, $4, $5, $6, $7) RETURNING "id"[0m  [["email", "bunbun@gmail.com"], ["full_name", "bunbun@gmail.com"], ["status", 1], ["password_digest", "$2a$12$ppEMlhUO/688dmi.Ikzik.8jefMKo1tH.xgTHfqt.rLhV57ejgwim"], ["session_token", "debNYR0PRF6JtJpBNxszYQ"], ["created_at", "2020-08-19 05:54:24.741742"], ["updated_at", "2020-08-19 05:54:24.741742"]]
  ↳ app/controllers/api/users_controller.rb:9
  [1m[35m (7.9ms)[0m  [1m[35mCOMMIT[0m
  ↳ app/controllers/api/users_controller.rb:9
  [1m[35m (0.1ms)[0m  [1m[35mBEGIN[0m
  ↳ app/models/user.rb:43
  [1m[36mUser Exists (0.2ms)[0m  [1m[34mSELECT  1 AS one FROM "users" WHERE "users"."email" = $1 AND "users"."id" != $2 LIMIT $3[0m  [["email", "bunbun@gmail.com"], ["id", 3], ["LIMIT", 1]]
  ↳ app/models/user.rb:43
  [1m[36mUser Update (0.2ms)[0m  [1m[33mUPDATE "users" SET "session_token" = $1, "updated_at" = $2 WHERE "users"."id" = $3[0m  [["session_token", "BvhBzR0N-dYK9QgfVCP2vQ"], ["updated_at", "2020-08-19 05:54:24.753090"], ["id", 3]]
  ↳ app/models/user.rb:43
  [1m[35m (5.4ms)[0m  [1m[35mCOMMIT[0m
  ↳ app/models/user.rb:43
  Rendering api/users/show.json.jbuilder
  Rendered api/users/_user.json.jbuilder (0.3ms)
  Rendered api/users/show.json.jbuilder (1.0ms)
Completed 200 OK in 237ms (Views: 2.3ms | ActiveRecord: 14.5ms)


Started DELETE "/api/session" for ::1 at 2020-08-18 22:54:38 -0700
Processing by Api::SessionsController#destroy as JSON
Can't verify CSRF token authenticity.
Completed 404 Not Found in 1ms (Views: 0.3ms | ActiveRecord: 0.0ms)


Started GET "/" for ::1 at 2020-08-18 22:56:21 -0700
Processing by StaticPagesController#root as HTML
  Rendering static_pages/root.html.erb within layouts/application
  Rendered static_pages/root.html.erb within layouts/application (0.2ms)
Completed 200 OK in 13ms (Views: 12.3ms | ActiveRecord: 0.0ms)


Started POST "/api/session" for ::1 at 2020-08-18 22:56:34 -0700
Processing by Api::SessionsController#create as JSON
  Parameters: {"user"=>{"email"=>"bunbun@gmail.com", "password"=>"[FILTERED]"}}
Can't verify CSRF token authenticity.
  [1m[36mUser Load (0.6ms)[0m  [1m[34mSELECT  "users".* FROM "users" WHERE "users"."email" = $1 LIMIT $2[0m  [["email", "bunbun@gmail.com"], ["LIMIT", 1]]
  ↳ app/models/user.rb:11
  [1m[35m (0.2ms)[0m  [1m[35mBEGIN[0m
  ↳ app/models/user.rb:43
  [1m[36mUser Exists (0.2ms)[0m  [1m[34mSELECT  1 AS one FROM "users" WHERE "users"."email" = $1 AND "users"."id" != $2 LIMIT $3[0m  [["email", "bunbun@gmail.com"], ["id", 3], ["LIMIT", 1]]
  ↳ app/models/user.rb:43
  [1m[36mUser Update (0.3ms)[0m  [1m[33mUPDATE "users" SET "session_token" = $1, "updated_at" = $2 WHERE "users"."id" = $3[0m  [["session_token", "UI0bYp0yTngK9OzguM91aw"], ["updated_at", "2020-08-19 05:56:34.577798"], ["id", 3]]
  ↳ app/models/user.rb:43
  [1m[35m (9.9ms)[0m  [1m[35mCOMMIT[0m
  ↳ app/models/user.rb:43
  Rendering api/users/show.json.jbuilder
  Rendered api/users/_user.json.jbuilder (0.2ms)
  Rendered api/users/show.json.jbuilder (1.0ms)
Completed 200 OK in 255ms (Views: 2.5ms | ActiveRecord: 17.9ms)


Started DELETE "/api/session" for ::1 at 2020-08-18 22:56:39 -0700
Processing by Api::SessionsController#destroy as JSON
Can't verify CSRF token authenticity.
Completed 404 Not Found in 1ms (Views: 0.2ms | ActiveRecord: 0.0ms)


Started GET "/" for ::1 at 2020-08-18 23:00:16 -0700
Processing by StaticPagesController#root as HTML
  Rendering static_pages/root.html.erb within layouts/application
  Rendered static_pages/root.html.erb within layouts/application (0.6ms)
Completed 200 OK in 15ms (Views: 14.5ms | ActiveRecord: 0.0ms)


Started POST "/api/session" for ::1 at 2020-08-18 23:00:23 -0700
Processing by Api::SessionsController#create as JSON
  Parameters: {"user"=>{"email"=>"bunbun@gmail.com", "password"=>"[FILTERED]"}}
Can't verify CSRF token authenticity.
  [1m[36mUser Load (0.3ms)[0m  [1m[34mSELECT  "users".* FROM "users" WHERE "users"."email" = $1 LIMIT $2[0m  [["email", "bunbun@gmail.com"], ["LIMIT", 1]]
  ↳ app/models/user.rb:11
  [1m[35m (0.2ms)[0m  [1m[35mBEGIN[0m
  ↳ app/models/user.rb:43
  [1m[36mUser Exists (0.3ms)[0m  [1m[34mSELECT  1 AS one FROM "users" WHERE "users"."email" = $1 AND "users"."id" != $2 LIMIT $3[0m  [["email", "bunbun@gmail.com"], ["id", 3], ["LIMIT", 1]]
  ↳ app/models/user.rb:43
  [1m[36mUser Update (0.2ms)[0m  [1m[33mUPDATE "users" SET "session_token" = $1, "updated_at" = $2 WHERE "users"."id" = $3[0m  [["session_token", "nB9anNlP71g95dLoi2FFGw"], ["updated_at", "2020-08-19 06:00:23.497611"], ["id", 3]]
  ↳ app/models/user.rb:43
  [1m[35m (8.7ms)[0m  [1m[35mCOMMIT[0m
  ↳ app/models/user.rb:43
  Rendering api/users/show.json.jbuilder
  Rendered api/users/_user.json.jbuilder (0.2ms)
  Rendered api/users/show.json.jbuilder (0.8ms)
Completed 200 OK in 242ms (Views: 2.5ms | ActiveRecord: 13.1ms)


Started DELETE "/api/session" for ::1 at 2020-08-18 23:00:26 -0700
Processing by Api::SessionsController#destroy as JSON
Can't verify CSRF token authenticity.
Completed 404 Not Found in 1ms (Views: 0.3ms | ActiveRecord: 0.0ms)


Started GET "/" for ::1 at 2020-08-18 23:01:48 -0700
Processing by StaticPagesController#root as HTML
  Rendering static_pages/root.html.erb within layouts/application
  Rendered static_pages/root.html.erb within layouts/application (0.3ms)
Completed 200 OK in 278ms (Views: 277.6ms | ActiveRecord: 0.0ms)


Started GET "/" for ::1 at 2020-08-18 23:02:11 -0700
Processing by StaticPagesController#root as HTML
  Rendering static_pages/root.html.erb within layouts/application
  Rendered static_pages/root.html.erb within layouts/application (0.4ms)
Completed 200 OK in 286ms (Views: 285.2ms | ActiveRecord: 0.0ms)


Started POST "/api/session" for ::1 at 2020-08-18 23:02:24 -0700
Processing by Api::SessionsController#create as JSON
  Parameters: {"user"=>{"email"=>"bunbun@gmail.com", "password"=>"[FILTERED]"}}
Can't verify CSRF token authenticity.
  [1m[36mUser Load (0.8ms)[0m  [1m[34mSELECT  "users".* FROM "users" WHERE "users"."email" = $1 LIMIT $2[0m  [["email", "bunbun@gmail.com"], ["LIMIT", 1]]
  ↳ app/models/user.rb:11
  [1m[35m (0.2ms)[0m  [1m[35mBEGIN[0m
  ↳ app/models/user.rb:43
  [1m[36mUser Exists (0.3ms)[0m  [1m[34mSELECT  1 AS one FROM "users" WHERE "users"."email" = $1 AND "users"."id" != $2 LIMIT $3[0m  [["email", "bunbun@gmail.com"], ["id", 3], ["LIMIT", 1]]
  ↳ app/models/user.rb:43
  [1m[36mUser Update (0.2ms)[0m  [1m[33mUPDATE "users" SET "session_token" = $1, "updated_at" = $2 WHERE "users"."id" = $3[0m  [["session_token", "Vd6itpk03FmjHppbc82qtQ"], ["updated_at", "2020-08-19 06:02:24.681025"], ["id", 3]]
  ↳ app/models/user.rb:43
  [1m[35m (13.8ms)[0m  [1m[35mCOMMIT[0m
  ↳ app/models/user.rb:43
  Rendering api/users/show.json.jbuilder
  Rendered api/users/_user.json.jbuilder (0.2ms)
  Rendered api/users/show.json.jbuilder (1.1ms)
Completed 200 OK in 247ms (Views: 2.5ms | ActiveRecord: 15.3ms)


Started DELETE "/api/session" for ::1 at 2020-08-18 23:02:53 -0700
Processing by Api::SessionsController#destroy as JSON
Can't verify CSRF token authenticity.
Completed 404 Not Found in 1ms (Views: 0.2ms | ActiveRecord: 0.0ms)


Started GET "/" for ::1 at 2020-08-18 23:03:19 -0700
Processing by StaticPagesController#root as HTML
  Rendering static_pages/root.html.erb within layouts/application
  Rendered static_pages/root.html.erb within layouts/application (0.2ms)
Completed 200 OK in 279ms (Views: 278.6ms | ActiveRecord: 0.0ms)


Started POST "/api/session" for ::1 at 2020-08-18 23:03:36 -0700
Processing by Api::SessionsController#create as JSON
  Parameters: {"user"=>{"email"=>"bunbun@gmail.com", "password"=>"[FILTERED]"}}
Can't verify CSRF token authenticity.
  [1m[36mUser Load (0.6ms)[0m  [1m[34mSELECT  "users".* FROM "users" WHERE "users"."email" = $1 LIMIT $2[0m  [["email", "bunbun@gmail.com"], ["LIMIT", 1]]
  ↳ app/models/user.rb:11
  [1m[35m (0.2ms)[0m  [1m[35mBEGIN[0m
  ↳ app/models/user.rb:43
  [1m[36mUser Exists (0.3ms)[0m  [1m[34mSELECT  1 AS one FROM "users" WHERE "users"."email" = $1 AND "users"."id" != $2 LIMIT $3[0m  [["email", "bunbun@gmail.com"], ["id", 3], ["LIMIT", 1]]
  ↳ app/models/user.rb:43
  [1m[36mUser Update (0.3ms)[0m  [1m[33mUPDATE "users" SET "session_token" = $1, "updated_at" = $2 WHERE "users"."id" = $3[0m  [["session_token", "4jLKBHqNnJHoSwPmelH67A"], ["updated_at", "2020-08-19 06:03:37.052130"], ["id", 3]]
  ↳ app/models/user.rb:43
  [1m[35m (15.5ms)[0m  [1m[35mCOMMIT[0m
  ↳ app/models/user.rb:43
  Rendering api/users/show.json.jbuilder
  Rendered api/users/_user.json.jbuilder (0.3ms)
  Rendered api/users/show.json.jbuilder (1.1ms)
Completed 200 OK in 238ms (Views: 2.7ms | ActiveRecord: 16.9ms)


Started DELETE "/api/session" for ::1 at 2020-08-18 23:03:43 -0700
Processing by Api::SessionsController#destroy as JSON
Can't verify CSRF token authenticity.
Completed 404 Not Found in 1ms (Views: 0.3ms | ActiveRecord: 0.0ms)


Started GET "/" for ::1 at 2020-08-18 23:05:37 -0700
Processing by StaticPagesController#root as HTML
  Rendering static_pages/root.html.erb within layouts/application
  Rendered static_pages/root.html.erb within layouts/application (0.2ms)
Completed 200 OK in 13ms (Views: 12.9ms | ActiveRecord: 0.0ms)


Started POST "/api/session" for ::1 at 2020-08-18 23:05:45 -0700
Processing by Api::SessionsController#create as JSON
  Parameters: {"user"=>{"email"=>"bunbun@gmail.com", "password"=>"[FILTERED]"}}
Can't verify CSRF token authenticity.
  [1m[36mUser Load (0.3ms)[0m  [1m[34mSELECT  "users".* FROM "users" WHERE "users"."email" = $1 LIMIT $2[0m  [["email", "bunbun@gmail.com"], ["LIMIT", 1]]
  ↳ app/models/user.rb:11
  [1m[35m (0.2ms)[0m  [1m[35mBEGIN[0m
  ↳ app/models/user.rb:43
  [1m[36mUser Exists (0.2ms)[0m  [1m[34mSELECT  1 AS one FROM "users" WHERE "users"."email" = $1 AND "users"."id" != $2 LIMIT $3[0m  [["email", "bunbun@gmail.com"], ["id", 3], ["LIMIT", 1]]
  ↳ app/models/user.rb:43
  [1m[36mUser Update (0.2ms)[0m  [1m[33mUPDATE "users" SET "session_token" = $1, "updated_at" = $2 WHERE "users"."id" = $3[0m  [["session_token", "Ui6PG5V3U5qoxtE8PtbOvQ"], ["updated_at", "2020-08-19 06:05:45.733141"], ["id", 3]]
  ↳ app/models/user.rb:43
  [1m[35m (14.2ms)[0m  [1m[35mCOMMIT[0m
  ↳ app/models/user.rb:43
  Rendering api/users/show.json.jbuilder
  Rendered api/users/_user.json.jbuilder (0.2ms)
  Rendered api/users/show.json.jbuilder (0.8ms)
Completed 200 OK in 248ms (Views: 2.5ms | ActiveRecord: 18.1ms)


Started DELETE "/api/session" for ::1 at 2020-08-18 23:05:49 -0700
Processing by Api::SessionsController#destroy as JSON
Can't verify CSRF token authenticity.
Completed 200 OK in 1ms (Views: 0.4ms | ActiveRecord: 0.0ms)


Started GET "/" for ::1 at 2020-08-18 23:07:37 -0700
Processing by StaticPagesController#root as HTML
  Rendering static_pages/root.html.erb within layouts/application
  Rendered static_pages/root.html.erb within layouts/application (0.2ms)
Completed 200 OK in 18ms (Views: 16.9ms | ActiveRecord: 0.0ms)


Started POST "/api/session" for ::1 at 2020-08-18 23:07:43 -0700
Processing by Api::SessionsController#create as JSON
  Parameters: {"user"=>{"email"=>"bunbun@gmail.com", "password"=>"[FILTERED]"}}
Can't verify CSRF token authenticity.
Completed 422 Unprocessable Entity in 2ms (ActiveRecord: 0.0ms)



ActionController::InvalidAuthenticityToken - ActionController::InvalidAuthenticityToken:

Started GET "/" for ::1 at 2020-08-18 23:08:42 -0700
Processing by StaticPagesController#root as HTML
  Rendering static_pages/root.html.erb within layouts/application
  Rendered static_pages/root.html.erb within layouts/application (0.3ms)
Completed 200 OK in 18ms (Views: 17.5ms | ActiveRecord: 0.0ms)


Started GET "/" for ::1 at 2020-08-18 23:12:31 -0700
Processing by StaticPagesController#root as HTML
  Rendering static_pages/root.html.erb within layouts/application
  Rendered static_pages/root.html.erb within layouts/application (0.4ms)
Completed 200 OK in 13ms (Views: 12.6ms | ActiveRecord: 0.0ms)


Started POST "/api/session" for ::1 at 2020-08-18 23:12:36 -0700
Processing by Api::SessionsController#create as JSON
  Parameters: {"user"=>{"email"=>"bunbun@gmail.com", "password"=>"[FILTERED]"}}
Can't verify CSRF token authenticity.
  [1m[36mUser Load (0.2ms)[0m  [1m[34mSELECT  "users".* FROM "users" WHERE "users"."email" = $1 LIMIT $2[0m  [["email", "bunbun@gmail.com"], ["LIMIT", 1]]
  ↳ app/models/user.rb:11
  [1m[35m (0.2ms)[0m  [1m[35mBEGIN[0m
  ↳ app/models/user.rb:43
  [1m[36mUser Exists (0.3ms)[0m  [1m[34mSELECT  1 AS one FROM "users" WHERE "users"."email" = $1 AND "users"."id" != $2 LIMIT $3[0m  [["email", "bunbun@gmail.com"], ["id", 3], ["LIMIT", 1]]
  ↳ app/models/user.rb:43
  [1m[36mUser Update (0.3ms)[0m  [1m[33mUPDATE "users" SET "session_token" = $1, "updated_at" = $2 WHERE "users"."id" = $3[0m  [["session_token", "F6jqKgXF3ou9EfPCrLuBBA"], ["updated_at", "2020-08-19 06:12:36.748704"], ["id", 3]]
  ↳ app/models/user.rb:43
  [1m[35m (11.8ms)[0m  [1m[35mCOMMIT[0m
  ↳ app/models/user.rb:43
  Rendering api/users/show.json.jbuilder
  Rendered api/users/_user.json.jbuilder (0.2ms)
  Rendered api/users/show.json.jbuilder (1.1ms)
Completed 200 OK in 241ms (Views: 2.5ms | ActiveRecord: 15.0ms)


Started DELETE "/api/session" for ::1 at 2020-08-18 23:12:42 -0700
Processing by Api::SessionsController#destroy as JSON
Can't verify CSRF token authenticity.
Completed 404 Not Found in 1ms (Views: 0.4ms | ActiveRecord: 0.0ms)


Started GET "/" for ::1 at 2020-08-18 23:13:59 -0700
Processing by StaticPagesController#root as HTML
  Rendering static_pages/root.html.erb within layouts/application
  Rendered static_pages/root.html.erb within layouts/application (0.2ms)
Completed 200 OK in 15ms (Views: 14.2ms | ActiveRecord: 0.0ms)


Started POST "/api/session" for ::1 at 2020-08-18 23:14:06 -0700
Processing by Api::SessionsController#create as JSON
  Parameters: {"user"=>{"email"=>"bunbun@gmail.com", "password"=>"[FILTERED]"}}
Can't verify CSRF token authenticity.
  [1m[36mUser Load (0.4ms)[0m  [1m[34mSELECT  "users".* FROM "users" WHERE "users"."email" = $1 LIMIT $2[0m  [["email", "bunbun@gmail.com"], ["LIMIT", 1]]
  ↳ app/models/user.rb:11
  [1m[35m (0.1ms)[0m  [1m[35mBEGIN[0m
  ↳ app/models/user.rb:43
  [1m[36mUser Exists (0.3ms)[0m  [1m[34mSELECT  1 AS one FROM "users" WHERE "users"."email" = $1 AND "users"."id" != $2 LIMIT $3[0m  [["email", "bunbun@gmail.com"], ["id", 3], ["LIMIT", 1]]
  ↳ app/models/user.rb:43
  [1m[36mUser Update (0.2ms)[0m  [1m[33mUPDATE "users" SET "session_token" = $1, "updated_at" = $2 WHERE "users"."id" = $3[0m  [["session_token", "2ZoQ0M5wjTmoOwL0nqlupw"], ["updated_at", "2020-08-19 06:14:06.552253"], ["id", 3]]
  ↳ app/models/user.rb:43
  [1m[35m (13.9ms)[0m  [1m[35mCOMMIT[0m
  ↳ app/models/user.rb:43
  Rendering api/users/show.json.jbuilder
  Rendered api/users/_user.json.jbuilder (0.2ms)
  Rendered api/users/show.json.jbuilder (0.9ms)
Completed 200 OK in 257ms (Views: 2.5ms | ActiveRecord: 20.4ms)


Started DELETE "/api/session" for ::1 at 2020-08-18 23:14:08 -0700
Processing by Api::SessionsController#destroy as JSON
Can't verify CSRF token authenticity.
Completed 404 Not Found in 1ms (Views: 0.4ms | ActiveRecord: 0.0ms)


Started GET "/" for ::1 at 2020-08-18 23:14:23 -0700
Processing by StaticPagesController#root as HTML
  Rendering static_pages/root.html.erb within layouts/application
  Rendered static_pages/root.html.erb within layouts/application (0.3ms)
Completed 200 OK in 14ms (Views: 13.8ms | ActiveRecord: 0.0ms)


Started POST "/api/session" for ::1 at 2020-08-18 23:14:29 -0700
Processing by Api::SessionsController#create as JSON
  Parameters: {"user"=>{"email"=>"bunbun@gmail.com", "password"=>"[FILTERED]"}}
  [1m[36mUser Load (0.2ms)[0m  [1m[34mSELECT  "users".* FROM "users" WHERE "users"."email" = $1 LIMIT $2[0m  [["email", "bunbun@gmail.com"], ["LIMIT", 1]]
  ↳ app/models/user.rb:11
  [1m[35m (0.2ms)[0m  [1m[35mBEGIN[0m
  ↳ app/models/user.rb:43
  [1m[36mUser Exists (0.3ms)[0m  [1m[34mSELECT  1 AS one FROM "users" WHERE "users"."email" = $1 AND "users"."id" != $2 LIMIT $3[0m  [["email", "bunbun@gmail.com"], ["id", 3], ["LIMIT", 1]]
  ↳ app/models/user.rb:43
  [1m[36mUser Update (0.3ms)[0m  [1m[33mUPDATE "users" SET "session_token" = $1, "updated_at" = $2 WHERE "users"."id" = $3[0m  [["session_token", "DHc4jSzf7r1iLNOEVrfj_A"], ["updated_at", "2020-08-19 06:14:29.391536"], ["id", 3]]
  ↳ app/models/user.rb:43
  [1m[35m (7.3ms)[0m  [1m[35mCOMMIT[0m
  ↳ app/models/user.rb:43
  Rendering api/users/show.json.jbuilder
  Rendered api/users/_user.json.jbuilder (0.2ms)
  Rendered api/users/show.json.jbuilder (1.1ms)
Completed 200 OK in 234ms (Views: 2.9ms | ActiveRecord: 11.7ms)


Started DELETE "/api/session" for ::1 at 2020-08-18 23:14:32 -0700
Processing by Api::SessionsController#destroy as JSON
  [1m[36mUser Load (0.4ms)[0m  [1m[34mSELECT  "users".* FROM "users" WHERE "users"."session_token" = $1 LIMIT $2[0m  [["session_token", "DHc4jSzf7r1iLNOEVrfj_A"], ["LIMIT", 1]]
  ↳ app/controllers/application_controller.rb:8
  [1m[35m (0.2ms)[0m  [1m[35mBEGIN[0m
  ↳ app/models/user.rb:43
  [1m[36mUser Exists (0.5ms)[0m  [1m[34mSELECT  1 AS one FROM "users" WHERE "users"."email" = $1 AND "users"."id" != $2 LIMIT $3[0m  [["email", "bunbun@gmail.com"], ["id", 3], ["LIMIT", 1]]
  ↳ app/models/user.rb:43
  [1m[36mUser Update (0.5ms)[0m  [1m[33mUPDATE "users" SET "session_token" = $1, "updated_at" = $2 WHERE "users"."id" = $3[0m  [["session_token", "9QKzsNa5Gk7NroEkQ7OHWQ"], ["updated_at", "2020-08-19 06:14:32.053461"], ["id", 3]]
  ↳ app/models/user.rb:43
  [1m[35m (11.5ms)[0m  [1m[35mCOMMIT[0m
  ↳ app/models/user.rb:43
No template found for Api::SessionsController#destroy, rendering head :no_content
Completed 204 No Content in 37ms (ActiveRecord: 13.1ms)


